2024/02/11 01:46:33 [notice] 1#1: using the "epoll" event method
2024/02/11 01:46:33 [notice] 1#1: nginx/1.25.3
2024/02/11 01:46:33 [notice] 1#1: built by gcc 12.2.0 (Debian 12.2.0-14) 
2024/02/11 01:46:33 [notice] 1#1: OS: Linux 6.5.0-17-generic
2024/02/11 01:46:33 [notice] 1#1: getrlimit(RLIMIT_NOFILE): 1048576:1048576
2024/02/11 01:46:33 [notice] 1#1: start worker processes
2024/02/11 01:46:33 [notice] 1#1: start worker process 20
2024/02/11 01:46:33 [notice] 1#1: start worker process 21
2024/02/11 01:46:33 [notice] 1#1: start worker process 22
2024/02/11 01:46:33 [notice] 1#1: start worker process 23
2024/02/11 01:47:59 [notice] 1#1: signal 3 (SIGQUIT) received, shutting down
2024/02/11 01:47:59 [notice] 20#20: gracefully shutting down
2024/02/11 01:47:59 [notice] 22#22: gracefully shutting down
2024/02/11 01:47:59 [notice] 23#23: gracefully shutting down
2024/02/11 01:47:59 [notice] 22#22: exiting
2024/02/11 01:47:59 [notice] 23#23: exiting
2024/02/11 01:47:59 [notice] 20#20: exiting
2024/02/11 01:47:59 [notice] 22#22: exit
2024/02/11 01:47:59 [notice] 23#23: exit
2024/02/11 01:47:59 [notice] 20#20: exit
2024/02/11 01:47:59 [notice] 21#21: gracefully shutting down
2024/02/11 01:47:59 [notice] 1#1: signal 17 (SIGCHLD) received from 20
2024/02/11 01:47:59 [notice] 1#1: worker process 20 exited with code 0
2024/02/11 01:47:59 [notice] 1#1: worker process 22 exited with code 0
2024/02/11 01:47:59 [notice] 1#1: signal 29 (SIGIO) received
2024/02/11 01:47:59 [notice] 1#1: signal 17 (SIGCHLD) received from 22
2024/02/11 01:47:59 [notice] 1#1: worker process 23 exited with code 0
2024/02/11 01:47:59 [notice] 1#1: signal 29 (SIGIO) received
2024/02/11 01:48:00 [notice] 21#21: exiting
2024/02/11 01:48:00 [notice] 21#21: exit
2024/02/11 01:48:00 [notice] 1#1: signal 17 (SIGCHLD) received from 21
2024/02/11 01:48:00 [notice] 1#1: worker process 21 exited with code 0
2024/02/11 01:48:00 [notice] 1#1: exit
2024/02/11 01:48:59 [notice] 1#1: using the "epoll" event method
2024/02/11 01:48:59 [notice] 1#1: nginx/1.25.3
2024/02/11 01:48:59 [notice] 1#1: built by gcc 12.2.0 (Debian 12.2.0-14) 
2024/02/11 01:48:59 [notice] 1#1: OS: Linux 6.5.0-17-generic
2024/02/11 01:48:59 [notice] 1#1: getrlimit(RLIMIT_NOFILE): 1048576:1048576
2024/02/11 01:48:59 [notice] 1#1: start worker processes
2024/02/11 01:48:59 [notice] 1#1: start worker process 21
2024/02/11 01:48:59 [notice] 1#1: start worker process 22
2024/02/11 01:48:59 [notice] 1#1: start worker process 23
2024/02/11 01:48:59 [notice] 1#1: start worker process 24
2024/02/11 01:49:20 [error] 21#21: *1 connect() failed (111: Connection refused) while connecting to upstream, client: 172.31.0.1, server: localhost, request: "GET / HTTP/1.1", upstream: "http://127.0.0.1:3000/", host: "localhost"
2024/02/11 01:49:20 [warn] 21#21: *1 upstream server temporarily disabled while connecting to upstream, client: 172.31.0.1, server: localhost, request: "GET / HTTP/1.1", upstream: "http://127.0.0.1:3000/", host: "localhost"
2024/02/11 01:49:20 [error] 21#21: *1 connect() failed (111: Connection refused) while connecting to upstream, client: 172.31.0.1, server: localhost, request: "GET / HTTP/1.1", upstream: "http://127.0.0.1:3000/", host: "localhost"
2024/02/11 01:49:20 [warn] 21#21: *1 upstream server temporarily disabled while connecting to upstream, client: 172.31.0.1, server: localhost, request: "GET / HTTP/1.1", upstream: "http://127.0.0.1:3000/", host: "localhost"
2024/02/11 01:49:22 [error] 21#21: *1 no live upstreams while connecting to upstream, client: 172.31.0.1, server: localhost, request: "GET / HTTP/1.1", upstream: "http://localhost/", host: "localhost"
2024/02/11 01:49:22 [error] 21#21: *1 no live upstreams while connecting to upstream, client: 172.31.0.1, server: localhost, request: "GET / HTTP/1.1", upstream: "http://localhost/", host: "localhost"
2024/02/11 01:49:46 [notice] 1#1: signal 3 (SIGQUIT) received, shutting down
2024/02/11 01:49:46 [notice] 21#21: gracefully shutting down
2024/02/11 01:49:46 [notice] 24#24: gracefully shutting down
2024/02/11 01:49:46 [notice] 22#22: gracefully shutting down
2024/02/11 01:49:46 [notice] 21#21: exiting
2024/02/11 01:49:46 [notice] 21#21: exit
2024/02/11 01:49:46 [notice] 23#23: gracefully shutting down
2024/02/11 01:49:46 [notice] 23#23: exiting
2024/02/11 01:49:46 [notice] 23#23: exit
2024/02/11 01:49:46 [notice] 22#22: exiting
2024/02/11 01:49:46 [notice] 22#22: exit
2024/02/11 01:49:46 [notice] 1#1: signal 17 (SIGCHLD) received from 23
2024/02/11 01:49:46 [notice] 1#1: worker process 23 exited with code 0
2024/02/11 01:49:46 [notice] 1#1: signal 29 (SIGIO) received
2024/02/11 01:49:46 [notice] 1#1: signal 17 (SIGCHLD) received from 21
2024/02/11 01:49:46 [notice] 1#1: worker process 21 exited with code 0
2024/02/11 01:49:46 [notice] 1#1: worker process 22 exited with code 0
2024/02/11 01:49:46 [notice] 1#1: signal 29 (SIGIO) received
2024/02/11 01:49:46 [notice] 1#1: signal 17 (SIGCHLD) received from 22
2024/02/11 01:51:54 [emerg] 1#1: invalid URL prefix in /etc/nginx/conf.d/nginx.conf:6
2024/02/11 01:52:03 [emerg] 1#1: invalid URL prefix in /etc/nginx/conf.d/nginx.conf:6
2024/02/11 01:52:17 [emerg] 1#1: invalid URL prefix in /etc/nginx/conf.d/nginx.conf:6
2024/02/11 01:52:29 [emerg] 1#1: invalid URL prefix in /etc/nginx/conf.d/nginx.conf:6
2024/02/11 01:53:46 [emerg] 1#1: invalid URL prefix in /etc/nginx/conf.d/nginx.conf:6
2024/02/11 01:53:59 [emerg] 1#1: invalid URL prefix in /etc/nginx/conf.d/nginx.conf:6
2024/02/11 01:54:10 [emerg] 1#1: invalid URL prefix in /etc/nginx/conf.d/nginx.conf:6
2024/02/11 01:54:23 [emerg] 1#1: invalid URL prefix in /etc/nginx/conf.d/nginx.conf:6
2024/02/11 01:54:33 [emerg] 1#1: invalid URL prefix in /etc/nginx/conf.d/nginx.conf:6
2024/02/11 01:54:45 [notice] 1#1: using the "epoll" event method
2024/02/11 01:54:45 [notice] 1#1: nginx/1.25.3
2024/02/11 01:54:45 [notice] 1#1: built by gcc 12.2.0 (Debian 12.2.0-14) 
2024/02/11 01:54:45 [notice] 1#1: OS: Linux 6.5.0-17-generic
2024/02/11 01:54:45 [notice] 1#1: getrlimit(RLIMIT_NOFILE): 1048576:1048576
2024/02/11 01:54:45 [notice] 1#1: start worker processes
2024/02/11 01:54:45 [notice] 1#1: start worker process 20
2024/02/11 01:54:45 [notice] 1#1: start worker process 21
2024/02/11 01:54:45 [notice] 1#1: start worker process 22
2024/02/11 01:54:45 [notice] 1#1: start worker process 23
2024/02/11 01:54:51 [notice] 1#1: signal 3 (SIGQUIT) received, shutting down
2024/02/11 01:54:51 [notice] 20#20: gracefully shutting down
2024/02/11 01:54:51 [notice] 22#22: gracefully shutting down
2024/02/11 01:54:51 [notice] 20#20: exiting
2024/02/11 01:54:51 [notice] 22#22: exiting
2024/02/11 01:54:51 [notice] 20#20: exit
2024/02/11 01:54:51 [notice] 22#22: exit
2024/02/11 01:54:51 [notice] 23#23: gracefully shutting down
2024/02/11 01:54:51 [notice] 23#23: exiting
2024/02/11 01:54:51 [notice] 23#23: exit
2024/02/11 01:54:51 [notice] 21#21: gracefully shutting down
2024/02/11 01:54:51 [notice] 21#21: exiting
2024/02/11 01:54:51 [notice] 21#21: exit
2024/02/11 01:54:51 [notice] 1#1: signal 17 (SIGCHLD) received from 23
2024/02/11 01:54:51 [notice] 1#1: worker process 20 exited with code 0
2024/02/11 01:54:51 [notice] 1#1: worker process 21 exited with code 0
2024/02/11 01:54:51 [notice] 1#1: worker process 22 exited with code 0
2024/02/11 01:54:51 [notice] 1#1: worker process 23 exited with code 0
2024/02/11 01:54:51 [notice] 1#1: exit
2024/02/11 01:56:02 [notice] 1#1: using the "epoll" event method
2024/02/11 01:56:02 [notice] 1#1: nginx/1.25.3
2024/02/11 01:56:02 [notice] 1#1: built by gcc 12.2.0 (Debian 12.2.0-14) 
2024/02/11 01:56:02 [notice] 1#1: OS: Linux 6.5.0-17-generic
2024/02/11 01:56:02 [notice] 1#1: getrlimit(RLIMIT_NOFILE): 1048576:1048576
2024/02/11 01:56:02 [notice] 1#1: start worker processes
2024/02/11 01:56:02 [notice] 1#1: start worker process 20
2024/02/11 01:56:02 [notice] 1#1: start worker process 21
2024/02/11 01:56:02 [notice] 1#1: start worker process 22
2024/02/11 01:56:02 [notice] 1#1: start worker process 23
2024/02/11 01:56:55 [notice] 1#1: signal 3 (SIGQUIT) received, shutting down
2024/02/11 01:56:55 [notice] 21#21: gracefully shutting down
2024/02/11 01:56:55 [notice] 22#22: gracefully shutting down
2024/02/11 01:56:55 [notice] 22#22: exiting
2024/02/11 01:56:55 [notice] 22#22: exit
2024/02/11 01:56:55 [notice] 23#23: gracefully shutting down
2024/02/11 01:56:55 [notice] 23#23: exiting
2024/02/11 01:56:55 [notice] 23#23: exit
2024/02/11 01:56:55 [notice] 20#20: gracefully shutting down
2024/02/11 01:56:55 [notice] 20#20: exiting
2024/02/11 01:56:55 [notice] 20#20: exit
2024/02/11 01:56:55 [notice] 1#1: signal 17 (SIGCHLD) received from 23
2024/02/11 01:56:55 [notice] 1#1: worker process 23 exited with code 0
2024/02/11 01:56:55 [notice] 1#1: worker process 20 exited with code 0
2024/02/11 01:56:55 [notice] 1#1: signal 29 (SIGIO) received
2024/02/11 01:56:55 [notice] 1#1: signal 17 (SIGCHLD) received from 20
2024/02/11 01:56:55 [notice] 1#1: signal 17 (SIGCHLD) received from 22
2024/02/11 01:56:55 [notice] 1#1: worker process 22 exited with code 0
2024/02/11 01:56:55 [notice] 1#1: signal 29 (SIGIO) received
2024/02/11 01:58:20 [notice] 1#1: using the "epoll" event method
2024/02/11 01:58:20 [notice] 1#1: nginx/1.25.3
2024/02/11 01:58:20 [notice] 1#1: built by gcc 12.2.0 (Debian 12.2.0-14) 
2024/02/11 01:58:20 [notice] 1#1: OS: Linux 6.5.0-17-generic
2024/02/11 01:58:20 [notice] 1#1: getrlimit(RLIMIT_NOFILE): 1048576:1048576
2024/02/11 01:58:20 [notice] 1#1: start worker processes
2024/02/11 01:58:20 [notice] 1#1: start worker process 20
2024/02/11 01:58:20 [notice] 1#1: start worker process 21
2024/02/11 01:58:20 [notice] 1#1: start worker process 22
2024/02/11 01:58:20 [notice] 1#1: start worker process 23
2024/02/11 01:58:50 [notice] 1#1: signal 3 (SIGQUIT) received, shutting down
2024/02/11 01:58:50 [notice] 21#21: gracefully shutting down
2024/02/11 01:58:50 [notice] 22#22: gracefully shutting down
2024/02/11 01:58:50 [notice] 22#22: exiting
2024/02/11 01:58:50 [notice] 20#20: gracefully shutting down
2024/02/11 01:58:50 [notice] 22#22: exit
2024/02/11 01:58:50 [notice] 20#20: exiting
2024/02/11 01:58:50 [notice] 20#20: exit
2024/02/11 01:58:50 [notice] 23#23: gracefully shutting down
2024/02/11 01:58:50 [notice] 23#23: exiting
2024/02/11 01:58:50 [notice] 23#23: exit
2024/02/11 01:58:50 [notice] 1#1: signal 17 (SIGCHLD) received from 20
2024/02/11 01:58:50 [notice] 1#1: worker process 20 exited with code 0
2024/02/11 01:58:50 [notice] 1#1: signal 29 (SIGIO) received
2024/02/11 01:58:50 [notice] 1#1: signal 17 (SIGCHLD) received from 22
2024/02/11 01:58:50 [notice] 1#1: worker process 22 exited with code 0
2024/02/11 01:58:50 [notice] 1#1: signal 29 (SIGIO) received
2024/02/11 01:58:50 [notice] 1#1: signal 17 (SIGCHLD) received from 23
2024/02/11 01:58:50 [notice] 1#1: worker process 23 exited with code 0
2024/02/11 01:58:50 [notice] 1#1: signal 29 (SIGIO) received
